{"uuid":"604ee30b-cdeb-43da-81cb-b4ea1a9dc2b1","historyId":"baad1fe26740ca06b3379b64047a3740","fullName":"Register: Register validation with invalid inputs/  password format all numeric","labels":[{"name":"tag","value":"register"},{"name":"tag","value":"allnumeric"},{"name":"host","value":"LAPTOP-S7F1L181"},{"name":"thread","value":"10636@LAPTOP-S7F1L181.main(1)"},{"name":"feature","value":"Register"},{"name":"story","value":"Register validation with invalid inputs/  password format all numeric"},{"name":"suite","value":"Register"},{"name":"testClass","value":"Register validation with invalid inputs/  password format all numeric"},{"name":"framework","value":"cucumber4jvm"},{"name":"language","value":"java"},{"name":"gherkin_uri","value":"file:///C:/Users/xunee/eclipse-workspace-2022/DS-ALGO-/src/test/resources/features/2register.feature"},{"name":"package","value":"src.test.resources.features.2register_feature.Register"}],"links":[],"name":"Register validation with invalid inputs/  password format all numeric","status":"failed","statusDetails":{"known":false,"muted":false,"flaky":false,"message":"expected [please enter valid password format] but found [password_mismatch:The two password fields didn’t match.]","trace":"java.lang.AssertionError: expected [please enter valid password format] but found [password_mismatch:The two password fields didn’t match.]\r\n\tat org.testng.Assert.fail(Assert.java:110)\r\n\tat org.testng.Assert.failNotEquals(Assert.java:1413)\r\n\tat org.testng.Assert.assertEqualsImpl(Assert.java:149)\r\n\tat org.testng.Assert.assertEquals(Assert.java:131)\r\n\tat org.testng.Assert.assertEquals(Assert.java:655)\r\n\tat org.testng.Assert.assertEquals(Assert.java:665)\r\n\tat com.stepDefinations.RegisterStepDef.user_should_get_enter_valid_input_error_message(RegisterStepDef.java:159)\r\n\tat ✽.user should get enter valid input error message \"please enter valid password format\"(file:///C:/Users/xunee/eclipse-workspace-2022/DS-ALGO-/src/test/resources/features/2register.feature:89)\r\n"},"stage":"finished","steps":[{"name":"Given  user opens browser and launch the url \"https://dsportalapp.herokuapp.com/\"","status":"passed","statusDetails":{"known":false,"muted":false,"flaky":false},"stage":"finished","steps":[],"attachments":[],"parameters":[],"start":1673381386175,"stop":1673381386305},{"name":"When  user clicks on \"Get started\" button","status":"passed","statusDetails":{"known":false,"muted":false,"flaky":false},"stage":"finished","steps":[],"attachments":[],"parameters":[],"start":1673381386307,"stop":1673381388536},{"name":"And  clicks on register link","status":"passed","statusDetails":{"known":false,"muted":false,"flaky":false},"stage":"finished","steps":[],"attachments":[],"parameters":[],"start":1673381388540,"stop":1673381388791},{"name":"Then  user should successfully able to see register page title \"Registration\"","status":"passed","statusDetails":{"known":false,"muted":false,"flaky":false},"stage":"finished","steps":[],"attachments":[],"parameters":[],"start":1673381388791,"stop":1673381388799},{"name":"When  user enters \"swati@gmail.com\" \"123456789\" \"123456789\" password with all numeric input","status":"passed","statusDetails":{"known":false,"muted":false,"flaky":false},"stage":"finished","steps":[],"attachments":[],"parameters":[],"start":1673381388799,"stop":1673381390460},{"name":"Then  user should get enter valid input error message \"please enter valid password format\"","status":"failed","statusDetails":{"known":false,"muted":false,"flaky":false,"message":"expected [please enter valid password format] but found [password_mismatch:The two password fields didn’t match.]","trace":"java.lang.AssertionError: expected [please enter valid password format] but found [password_mismatch:The two password fields didn’t match.]\r\n\tat org.testng.Assert.fail(Assert.java:110)\r\n\tat org.testng.Assert.failNotEquals(Assert.java:1413)\r\n\tat org.testng.Assert.assertEqualsImpl(Assert.java:149)\r\n\tat org.testng.Assert.assertEquals(Assert.java:131)\r\n\tat org.testng.Assert.assertEquals(Assert.java:655)\r\n\tat org.testng.Assert.assertEquals(Assert.java:665)\r\n\tat com.stepDefinations.RegisterStepDef.user_should_get_enter_valid_input_error_message(RegisterStepDef.java:159)\r\n\tat ✽.user should get enter valid input error message \"please enter valid password format\"(file:///C:/Users/xunee/eclipse-workspace-2022/DS-ALGO-/src/test/resources/features/2register.feature:89)\r\n"},"stage":"finished","steps":[],"attachments":[],"parameters":[],"start":1673381390460,"stop":1673381390484}],"attachments":[],"parameters":[{"name":"username","value":"swati@gmail.com"},{"name":"password","value":"123456789"},{"name":"passwordConfirmation","value":"123456789"}],"start":1673381386174,"stop":1673381390670}