<?xml version="1.0" encoding="UTF-8"?>
<testng-results ignored="0" total="69" passed="62" failed="7" skipped="0">
  <reporter-output>
  </reporter-output>
  <suite started-at="2023-01-11T02:33:10 EST" name="Default suite" finished-at="2023-01-11T02:36:42 EST" duration-ms="211820">
    <groups>
      <group name="cucumber">
        <method signature="AbstractTestNGCucumberTests.runScenario(io.cucumber.testng.PickleWrapper,io.cucumber.testng.FeatureWrapper)[pri:0, instance:com.runner.Runner@7a8c8dcf]" name="runScenario" class="io.cucumber.testng.AbstractTestNGCucumberTests"/>
      </group> <!-- cucumber -->
    </groups>
    <test started-at="2023-01-11T02:33:10 EST" name="Default test" finished-at="2023-01-11T02:36:42 EST" duration-ms="211820">
      <class name="com.runner.Runner">
        <test-method is-config="true" signature="setUpClass(org.testng.ITestContext)[pri:0, instance:com.runner.Runner@7a8c8dcf]" started-at="2023-01-11T02:33:10 EST" name="setUpClass" finished-at="2023-01-11T02:33:11 EST" duration-ms="1455" status="PASS">
          <params>
            <param index="0">
              <value>
                <![CDATA[org.testng.TestRunner@26cee3d7]]>
              </value>
            </param>
          </params>
          <reporter-output>
          </reporter-output>
        </test-method> <!-- setUpClass -->
        <test-method signature="runScenario(io.cucumber.testng.PickleWrapper,io.cucumber.testng.FeatureWrapper)[pri:0, instance:com.runner.Runner@7a8c8dcf]" started-at="2023-01-11T02:33:11 EST" name="runScenario" description="Runs Cucumber Scenarios" data-provider="scenarios" finished-at="2023-01-11T02:33:19 EST" duration-ms="7956" status="PASS">
          <params>
            <param index="0">
              <value>
                <![CDATA["validation of Start Page"]]>
              </value>
            </param>
            <param index="1">
              <value>
                <![CDATA["Optional[Start page]"]]>
              </value>
            </param>
          </params>
          <reporter-output>
          </reporter-output>
        </test-method> <!-- runScenario -->
        <test-method signature="runScenario(io.cucumber.testng.PickleWrapper,io.cucumber.testng.FeatureWrapper)[pri:0, instance:com.runner.Runner@7a8c8dcf]" started-at="2023-01-11T02:33:19 EST" name="runScenario" description="Runs Cucumber Scenarios" data-provider="scenarios" finished-at="2023-01-11T02:33:24 EST" duration-ms="4893" status="PASS">
          <params>
            <param index="0">
              <value>
                <![CDATA["Register validation with valid inputs"]]>
              </value>
            </param>
            <param index="1">
              <value>
                <![CDATA["Optional[Register]"]]>
              </value>
            </param>
          </params>
          <reporter-output>
          </reporter-output>
        </test-method> <!-- runScenario -->
        <test-method signature="runScenario(io.cucumber.testng.PickleWrapper,io.cucumber.testng.FeatureWrapper)[pri:0, instance:com.runner.Runner@7a8c8dcf]" started-at="2023-01-11T02:33:24 EST" name="runScenario" description="Runs Cucumber Scenarios" data-provider="scenarios" finished-at="2023-01-11T02:33:29 EST" duration-ms="4658" status="PASS">
          <params>
            <param index="0">
              <value>
                <![CDATA["Register validation with valid inputs"]]>
              </value>
            </param>
            <param index="1">
              <value>
                <![CDATA["Optional[Register]"]]>
              </value>
            </param>
          </params>
          <reporter-output>
          </reporter-output>
        </test-method> <!-- runScenario -->
        <test-method signature="runScenario(io.cucumber.testng.PickleWrapper,io.cucumber.testng.FeatureWrapper)[pri:0, instance:com.runner.Runner@7a8c8dcf]" started-at="2023-01-11T02:33:29 EST" name="runScenario" description="Runs Cucumber Scenarios" data-provider="scenarios" finished-at="2023-01-11T02:33:31 EST" duration-ms="1884" status="PASS">
          <params>
            <param index="0">
              <value>
                <![CDATA["Register validation with invalid inputs"]]>
              </value>
            </param>
            <param index="1">
              <value>
                <![CDATA["Optional[Register]"]]>
              </value>
            </param>
          </params>
          <reporter-output>
          </reporter-output>
        </test-method> <!-- runScenario -->
        <test-method signature="runScenario(io.cucumber.testng.PickleWrapper,io.cucumber.testng.FeatureWrapper)[pri:0, instance:com.runner.Runner@7a8c8dcf]" started-at="2023-01-11T02:33:31 EST" name="runScenario" description="Runs Cucumber Scenarios" data-provider="scenarios" finished-at="2023-01-11T02:33:33 EST" duration-ms="1922" status="PASS">
          <params>
            <param index="0">
              <value>
                <![CDATA["Register validation with invalid inputs/blank fields"]]>
              </value>
            </param>
            <param index="1">
              <value>
                <![CDATA["Optional[Register]"]]>
              </value>
            </param>
          </params>
          <reporter-output>
          </reporter-output>
        </test-method> <!-- runScenario -->
        <test-method signature="runScenario(io.cucumber.testng.PickleWrapper,io.cucumber.testng.FeatureWrapper)[pri:0, instance:com.runner.Runner@7a8c8dcf]" started-at="2023-01-11T02:33:33 EST" name="runScenario" description="Runs Cucumber Scenarios" data-provider="scenarios" finished-at="2023-01-11T02:33:35 EST" duration-ms="2018" status="PASS">
          <params>
            <param index="0">
              <value>
                <![CDATA["Register validation with invalid inputs/blank fields"]]>
              </value>
            </param>
            <param index="1">
              <value>
                <![CDATA["Optional[Register]"]]>
              </value>
            </param>
          </params>
          <reporter-output>
          </reporter-output>
        </test-method> <!-- runScenario -->
        <test-method signature="runScenario(io.cucumber.testng.PickleWrapper,io.cucumber.testng.FeatureWrapper)[pri:0, instance:com.runner.Runner@7a8c8dcf]" started-at="2023-01-11T02:33:35 EST" name="runScenario" description="Runs Cucumber Scenarios" data-provider="scenarios" finished-at="2023-01-11T02:33:37 EST" duration-ms="1976" status="PASS">
          <params>
            <param index="0">
              <value>
                <![CDATA["Register validation with invalid inputs/blank fields"]]>
              </value>
            </param>
            <param index="1">
              <value>
                <![CDATA["Optional[Register]"]]>
              </value>
            </param>
          </params>
          <reporter-output>
          </reporter-output>
        </test-method> <!-- runScenario -->
        <test-method signature="runScenario(io.cucumber.testng.PickleWrapper,io.cucumber.testng.FeatureWrapper)[pri:0, instance:com.runner.Runner@7a8c8dcf]" started-at="2023-01-11T02:33:37 EST" name="runScenario" description="Runs Cucumber Scenarios" data-provider="scenarios" finished-at="2023-01-11T02:33:38 EST" duration-ms="1820" status="PASS">
          <params>
            <param index="0">
              <value>
                <![CDATA["Register validation with invalid inputs/blank fields"]]>
              </value>
            </param>
            <param index="1">
              <value>
                <![CDATA["Optional[Register]"]]>
              </value>
            </param>
          </params>
          <reporter-output>
          </reporter-output>
        </test-method> <!-- runScenario -->
        <test-method signature="runScenario(io.cucumber.testng.PickleWrapper,io.cucumber.testng.FeatureWrapper)[pri:0, instance:com.runner.Runner@7a8c8dcf]" started-at="2023-01-11T02:33:38 EST" name="runScenario" description="Runs Cucumber Scenarios" data-provider="scenarios" finished-at="2023-01-11T02:33:40 EST" duration-ms="1781" status="PASS">
          <params>
            <param index="0">
              <value>
                <![CDATA["Register validation with invalid inputs/blank fields"]]>
              </value>
            </param>
            <param index="1">
              <value>
                <![CDATA["Optional[Register]"]]>
              </value>
            </param>
          </params>
          <reporter-output>
          </reporter-output>
        </test-method> <!-- runScenario -->
        <test-method signature="runScenario(io.cucumber.testng.PickleWrapper,io.cucumber.testng.FeatureWrapper)[pri:0, instance:com.runner.Runner@7a8c8dcf]" started-at="2023-01-11T02:33:40 EST" name="runScenario" description="Runs Cucumber Scenarios" data-provider="scenarios" finished-at="2023-01-11T02:33:42 EST" duration-ms="2134" status="PASS">
          <params>
            <param index="0">
              <value>
                <![CDATA["Register validation with invalid inputs/ password mismatch"]]>
              </value>
            </param>
            <param index="1">
              <value>
                <![CDATA["Optional[Register]"]]>
              </value>
            </param>
          </params>
          <reporter-output>
          </reporter-output>
        </test-method> <!-- runScenario -->
        <test-method signature="runScenario(io.cucumber.testng.PickleWrapper,io.cucumber.testng.FeatureWrapper)[pri:0, instance:com.runner.Runner@7a8c8dcf]" started-at="2023-01-11T02:33:42 EST" name="runScenario" description="Runs Cucumber Scenarios" data-provider="scenarios" finished-at="2023-01-11T02:33:45 EST" duration-ms="2458" status="FAIL">
          <params>
            <param index="0">
              <value>
                <![CDATA["Register validation with invalid inputs/ password format less than eight characters"]]>
              </value>
            </param>
            <param index="1">
              <value>
                <![CDATA["Optional[Register]"]]>
              </value>
            </param>
          </params>
          <exception class="java.lang.AssertionError">
            <message>
              <![CDATA[expected [password should contain atleast eight characters.] but found [password_mismatch:The two password fields didn’t match.]]]>
            </message>
            <full-stacktrace>
              <![CDATA[java.lang.AssertionError: expected [password should contain atleast eight characters.] but found [password_mismatch:The two password fields didn’t match.]
at org.testng.Assert.fail(Assert.java:110)
at org.testng.Assert.failNotEquals(Assert.java:1413)
at org.testng.Assert.assertEqualsImpl(Assert.java:149)
at org.testng.Assert.assertEquals(Assert.java:131)
at org.testng.Assert.assertEquals(Assert.java:655)
at org.testng.Assert.assertEquals(Assert.java:665)
at com.stepDefinations.RegisterStepDef.user_should_get_password_atleast_eight_char_error_message(RegisterStepDef.java:145)
at ✽.user should get password atleast eight char error message "password should contain atleast eight characters."(file:///C:/Users/valli/Git/DS-ALGO/src/test/resources/features/2register.feature:81)
]]>
            </full-stacktrace>
          </exception> <!-- java.lang.AssertionError -->
          <reporter-output>
          </reporter-output>
        </test-method> <!-- runScenario -->
        <test-method signature="runScenario(io.cucumber.testng.PickleWrapper,io.cucumber.testng.FeatureWrapper)[pri:0, instance:com.runner.Runner@7a8c8dcf]" started-at="2023-01-11T02:33:45 EST" name="runScenario" description="Runs Cucumber Scenarios" data-provider="scenarios" finished-at="2023-01-11T02:33:47 EST" duration-ms="2459" status="FAIL">
          <params>
            <param index="0">
              <value>
                <![CDATA["Register validation with invalid inputs/  password format all numeric"]]>
              </value>
            </param>
            <param index="1">
              <value>
                <![CDATA["Optional[Register]"]]>
              </value>
            </param>
          </params>
          <exception class="java.lang.AssertionError">
            <message>
              <![CDATA[expected [please enter valid password format] but found [password_mismatch:The two password fields didn’t match.]]]>
            </message>
            <full-stacktrace>
              <![CDATA[java.lang.AssertionError: expected [please enter valid password format] but found [password_mismatch:The two password fields didn’t match.]
at org.testng.Assert.fail(Assert.java:110)
at org.testng.Assert.failNotEquals(Assert.java:1413)
at org.testng.Assert.assertEqualsImpl(Assert.java:149)
at org.testng.Assert.assertEquals(Assert.java:131)
at org.testng.Assert.assertEquals(Assert.java:655)
at org.testng.Assert.assertEquals(Assert.java:665)
at com.stepDefinations.RegisterStepDef.user_should_get_enter_valid_input_error_message(RegisterStepDef.java:159)
at ✽.user should get enter valid input error message "please enter valid password format"(file:///C:/Users/valli/Git/DS-ALGO/src/test/resources/features/2register.feature:89)
]]>
            </full-stacktrace>
          </exception> <!-- java.lang.AssertionError -->
          <reporter-output>
          </reporter-output>
        </test-method> <!-- runScenario -->
        <test-method signature="runScenario(io.cucumber.testng.PickleWrapper,io.cucumber.testng.FeatureWrapper)[pri:0, instance:com.runner.Runner@7a8c8dcf]" started-at="2023-01-11T02:33:47 EST" name="runScenario" description="Runs Cucumber Scenarios" data-provider="scenarios" finished-at="2023-01-11T02:33:50 EST" duration-ms="2383" status="FAIL">
          <params>
            <param index="0">
              <value>
                <![CDATA["Register validation with invalid inputs/ similar fields"]]>
              </value>
            </param>
            <param index="1">
              <value>
                <![CDATA["Optional[Register]"]]>
              </value>
            </param>
          </params>
          <exception class="org.openqa.selenium.StaleElementReferenceException">
            <message>
              <![CDATA[stale element reference: element is not attached to the page document
  (Session info: chrome=108.0.5359.125)
For documentation on this error, please visit: https://selenium.dev/exceptions/#stale_element_reference
Build info: version: '4.7.1', revision: 'c6795baf1a3'
System info: os.name: 'Windows 11', os.arch: 'amd64', os.version: '10.0', java.version: '17.0.5'
Driver info: org.openqa.selenium.chrome.ChromeDriver
Command: [21cf4880043c974c2e97f0de8dfaf818, getElementText {id=c1c6f73c-8bc0-4b40-9d5a-55d4a5627351}]
Capabilities {acceptInsecureCerts: false, browserName: chrome, browserVersion: 108.0.5359.125, chrome: {chromedriverVersion: 108.0.5359.71 (1e0e3868ee06..., userDataDir: C:\Users\valli\AppData\Loca...}, goog:chromeOptions: {debuggerAddress: localhost:55971}, networkConnectionEnabled: false, pageLoadStrategy: normal, platformName: WINDOWS, proxy: Proxy(), se:cdp: ws://localhost:55971/devtoo..., se:cdpVersion: 108.0.5359.125, setWindowRect: true, strictFileInteractability: false, timeouts: {implicit: 0, pageLoad: 300000, script: 30000}, unhandledPromptBehavior: dismiss and notify, webauthn:extension:credBlob: true, webauthn:extension:largeBlob: true, webauthn:virtualAuthenticators: true}
Element: [[ChromeDriver: chrome on WINDOWS (21cf4880043c974c2e97f0de8dfaf818)] -> id: id_username]
Session ID: 21cf4880043c974c2e97f0de8dfaf818]]>
            </message>
            <full-stacktrace>
              <![CDATA[org.openqa.selenium.StaleElementReferenceException: stale element reference: element is not attached to the page document
  (Session info: chrome=108.0.5359.125)
For documentation on this error, please visit: https://selenium.dev/exceptions/#stale_element_reference
Build info: version: '4.7.1', revision: 'c6795baf1a3'
System info: os.name: 'Windows 11', os.arch: 'amd64', os.version: '10.0', java.version: '17.0.5'
Driver info: org.openqa.selenium.chrome.ChromeDriver
Command: [21cf4880043c974c2e97f0de8dfaf818, getElementText {id=c1c6f73c-8bc0-4b40-9d5a-55d4a5627351}]
Capabilities {acceptInsecureCerts: false, browserName: chrome, browserVersion: 108.0.5359.125, chrome: {chromedriverVersion: 108.0.5359.71 (1e0e3868ee06..., userDataDir: C:\Users\valli\AppData\Loca...}, goog:chromeOptions: {debuggerAddress: localhost:55971}, networkConnectionEnabled: false, pageLoadStrategy: normal, platformName: WINDOWS, proxy: Proxy(), se:cdp: ws://localhost:55971/devtoo..., se:cdpVersion: 108.0.5359.125, setWindowRect: true, strictFileInteractability: false, timeouts: {implicit: 0, pageLoad: 300000, script: 30000}, unhandledPromptBehavior: dismiss and notify, webauthn:extension:credBlob: true, webauthn:extension:largeBlob: true, webauthn:virtualAuthenticators: true}
Element: [[ChromeDriver: chrome on WINDOWS (21cf4880043c974c2e97f0de8dfaf818)] -> id: id_username]
Session ID: 21cf4880043c974c2e97f0de8dfaf818
at java.base/jdk.internal.reflect.NativeConstructorAccessorImpl.newInstance0(Native Method)
at java.base/jdk.internal.reflect.NativeConstructorAccessorImpl.newInstance(NativeConstructorAccessorImpl.java:77)
at java.base/jdk.internal.reflect.DelegatingConstructorAccessorImpl.newInstance(DelegatingConstructorAccessorImpl.java:45)
at java.base/java.lang.reflect.Constructor.newInstanceWithCaller(Constructor.java:499)
at java.base/java.lang.reflect.Constructor.newInstance(Constructor.java:480)
at org.openqa.selenium.remote.codec.w3c.W3CHttpResponseCodec.createException(W3CHttpResponseCodec.java:200)
at org.openqa.selenium.remote.codec.w3c.W3CHttpResponseCodec.decode(W3CHttpResponseCodec.java:133)
at org.openqa.selenium.remote.codec.w3c.W3CHttpResponseCodec.decode(W3CHttpResponseCodec.java:53)
at org.openqa.selenium.remote.HttpCommandExecutor.execute(HttpCommandExecutor.java:184)
at org.openqa.selenium.remote.service.DriverCommandExecutor.invokeExecute(DriverCommandExecutor.java:167)
at org.openqa.selenium.remote.service.DriverCommandExecutor.execute(DriverCommandExecutor.java:142)
at org.openqa.selenium.remote.RemoteWebDriver.execute(RemoteWebDriver.java:551)
at org.openqa.selenium.remote.RemoteWebElement.execute(RemoteWebElement.java:257)
at org.openqa.selenium.remote.RemoteWebElement.getText(RemoteWebElement.java:207)
at jdk.internal.reflect.GeneratedMethodAccessor116.invoke(Unknown Source)
at java.base/jdk.internal.reflect.DelegatingMethodAccessorImpl.invoke(DelegatingMethodAccessorImpl.java:43)
at java.base/java.lang.reflect.Method.invoke(Method.java:568)
at org.openqa.selenium.support.pagefactory.internal.LocatingElementHandler.invoke(LocatingElementHandler.java:52)
at jdk.proxy2/jdk.proxy2.$Proxy44.getText(Unknown Source)
at com.pageObjects.RegisterPage.validatecompare(RegisterPage.java:155)
at com.stepDefinations.RegisterStepDef.user_should_get_password_not_similar_to_username_error_message(RegisterStepDef.java:171)
at ✽.user should get password not similar to username error message "password can not be similar as username"(file:///C:/Users/valli/Git/DS-ALGO/src/test/resources/features/2register.feature:98)
]]>
            </full-stacktrace>
          </exception> <!-- org.openqa.selenium.StaleElementReferenceException -->
          <reporter-output>
          </reporter-output>
        </test-method> <!-- runScenario -->
        <test-method signature="runScenario(io.cucumber.testng.PickleWrapper,io.cucumber.testng.FeatureWrapper)[pri:0, instance:com.runner.Runner@7a8c8dcf]" started-at="2023-01-11T02:33:50 EST" name="runScenario" description="Runs Cucumber Scenarios" data-provider="scenarios" finished-at="2023-01-11T02:33:52 EST" duration-ms="2452" status="PASS">
          <params>
            <param index="0">
              <value>
                <![CDATA["signIn validation with valid inputs"]]>
              </value>
            </param>
            <param index="1">
              <value>
                <![CDATA["Optional[Login]"]]>
              </value>
            </param>
          </params>
          <reporter-output>
          </reporter-output>
        </test-method> <!-- runScenario -->
        <test-method signature="runScenario(io.cucumber.testng.PickleWrapper,io.cucumber.testng.FeatureWrapper)[pri:0, instance:com.runner.Runner@7a8c8dcf]" started-at="2023-01-11T02:33:52 EST" name="runScenario" description="Runs Cucumber Scenarios" data-provider="scenarios" finished-at="2023-01-11T02:33:54 EST" duration-ms="2239" status="PASS">
          <params>
            <param index="0">
              <value>
                <![CDATA["signIn validation with valid inputs"]]>
              </value>
            </param>
            <param index="1">
              <value>
                <![CDATA["Optional[Login]"]]>
              </value>
            </param>
          </params>
          <reporter-output>
          </reporter-output>
        </test-method> <!-- runScenario -->
        <test-method signature="runScenario(io.cucumber.testng.PickleWrapper,io.cucumber.testng.FeatureWrapper)[pri:0, instance:com.runner.Runner@7a8c8dcf]" started-at="2023-01-11T02:33:54 EST" name="runScenario" description="Runs Cucumber Scenarios" data-provider="scenarios" finished-at="2023-01-11T02:33:55 EST" duration-ms="735" status="PASS">
          <params>
            <param index="0">
              <value>
                <![CDATA["signIn validation with inValid inputs"]]>
              </value>
            </param>
            <param index="1">
              <value>
                <![CDATA["Optional[Login]"]]>
              </value>
            </param>
          </params>
          <reporter-output>
          </reporter-output>
        </test-method> <!-- runScenario -->
        <test-method signature="runScenario(io.cucumber.testng.PickleWrapper,io.cucumber.testng.FeatureWrapper)[pri:0, instance:com.runner.Runner@7a8c8dcf]" started-at="2023-01-11T02:33:55 EST" name="runScenario" description="Runs Cucumber Scenarios" data-provider="scenarios" finished-at="2023-01-11T02:33:56 EST" duration-ms="898" status="PASS">
          <params>
            <param index="0">
              <value>
                <![CDATA["signIn validation with inValid inputs"]]>
              </value>
            </param>
            <param index="1">
              <value>
                <![CDATA["Optional[Login]"]]>
              </value>
            </param>
          </params>
          <reporter-output>
          </reporter-output>
        </test-method> <!-- runScenario -->
        <test-method signature="runScenario(io.cucumber.testng.PickleWrapper,io.cucumber.testng.FeatureWrapper)[pri:0, instance:com.runner.Runner@7a8c8dcf]" started-at="2023-01-11T02:33:56 EST" name="runScenario" description="Runs Cucumber Scenarios" data-provider="scenarios" finished-at="2023-01-11T02:33:57 EST" duration-ms="1298" status="PASS">
          <params>
            <param index="0">
              <value>
                <![CDATA["signIn validation with inValid inputs"]]>
              </value>
            </param>
            <param index="1">
              <value>
                <![CDATA["Optional[Login]"]]>
              </value>
            </param>
          </params>
          <reporter-output>
          </reporter-output>
        </test-method> <!-- runScenario -->
        <test-method signature="runScenario(io.cucumber.testng.PickleWrapper,io.cucumber.testng.FeatureWrapper)[pri:0, instance:com.runner.Runner@7a8c8dcf]" started-at="2023-01-11T02:33:57 EST" name="runScenario" description="Runs Cucumber Scenarios" data-provider="scenarios" finished-at="2023-01-11T02:34:05 EST" duration-ms="7401" status="PASS">
          <params>
            <param index="0">
              <value>
                <![CDATA[""]]>
              </value>
            </param>
            <param index="1">
              <value>
                <![CDATA["Optional[Data Structure Intro]"]]>
              </value>
            </param>
          </params>
          <reporter-output>
          </reporter-output>
        </test-method> <!-- runScenario -->
        <test-method signature="runScenario(io.cucumber.testng.PickleWrapper,io.cucumber.testng.FeatureWrapper)[pri:0, instance:com.runner.Runner@7a8c8dcf]" started-at="2023-01-11T02:34:05 EST" name="runScenario" description="Runs Cucumber Scenarios" data-provider="scenarios" finished-at="2023-01-11T02:34:10 EST" duration-ms="4869" status="PASS">
          <params>
            <param index="0">
              <value>
                <![CDATA["User validate Array Page"]]>
              </value>
            </param>
            <param index="1">
              <value>
                <![CDATA["Optional[Array]"]]>
              </value>
            </param>
          </params>
          <reporter-output>
          </reporter-output>
        </test-method> <!-- runScenario -->
        <test-method signature="runScenario(io.cucumber.testng.PickleWrapper,io.cucumber.testng.FeatureWrapper)[pri:0, instance:com.runner.Runner@7a8c8dcf]" started-at="2023-01-11T02:34:10 EST" name="runScenario" description="Runs Cucumber Scenarios" data-provider="scenarios" finished-at="2023-01-11T02:34:13 EST" duration-ms="3372" status="PASS">
          <params>
            <param index="0">
              <value>
                <![CDATA["User validate Arrays using list page"]]>
              </value>
            </param>
            <param index="1">
              <value>
                <![CDATA["Optional[Array]"]]>
              </value>
            </param>
          </params>
          <reporter-output>
          </reporter-output>
        </test-method> <!-- runScenario -->
        <test-method signature="runScenario(io.cucumber.testng.PickleWrapper,io.cucumber.testng.FeatureWrapper)[pri:0, instance:com.runner.Runner@7a8c8dcf]" started-at="2023-01-11T02:34:13 EST" name="runScenario" description="Runs Cucumber Scenarios" data-provider="scenarios" finished-at="2023-01-11T02:34:16 EST" duration-ms="3199" status="PASS">
          <params>
            <param index="0">
              <value>
                <![CDATA["User validate Basic Operations in list page"]]>
              </value>
            </param>
            <param index="1">
              <value>
                <![CDATA["Optional[Array]"]]>
              </value>
            </param>
          </params>
          <reporter-output>
          </reporter-output>
        </test-method> <!-- runScenario -->
        <test-method signature="runScenario(io.cucumber.testng.PickleWrapper,io.cucumber.testng.FeatureWrapper)[pri:0, instance:com.runner.Runner@7a8c8dcf]" started-at="2023-01-11T02:34:16 EST" name="runScenario" description="Runs Cucumber Scenarios" data-provider="scenarios" finished-at="2023-01-11T02:34:19 EST" duration-ms="3296" status="PASS">
          <params>
            <param index="0">
              <value>
                <![CDATA["User validate Applications of Array page"]]>
              </value>
            </param>
            <param index="1">
              <value>
                <![CDATA["Optional[Array]"]]>
              </value>
            </param>
          </params>
          <reporter-output>
          </reporter-output>
        </test-method> <!-- runScenario -->
        <test-method signature="runScenario(io.cucumber.testng.PickleWrapper,io.cucumber.testng.FeatureWrapper)[pri:0, instance:com.runner.Runner@7a8c8dcf]" started-at="2023-01-11T02:34:19 EST" name="runScenario" description="Runs Cucumber Scenarios" data-provider="scenarios" finished-at="2023-01-11T02:34:23 EST" duration-ms="3683" status="PASS">
          <params>
            <param index="0">
              <value>
                <![CDATA["User validate Search the array page"]]>
              </value>
            </param>
            <param index="1">
              <value>
                <![CDATA["Optional[Array]"]]>
              </value>
            </param>
          </params>
          <reporter-output>
          </reporter-output>
        </test-method> <!-- runScenario -->
        <test-method signature="runScenario(io.cucumber.testng.PickleWrapper,io.cucumber.testng.FeatureWrapper)[pri:0, instance:com.runner.Runner@7a8c8dcf]" started-at="2023-01-11T02:34:23 EST" name="runScenario" description="Runs Cucumber Scenarios" data-provider="scenarios" finished-at="2023-01-11T02:34:26 EST" duration-ms="2932" status="PASS">
          <params>
            <param index="0">
              <value>
                <![CDATA["User validate Max Consecutive Ones page"]]>
              </value>
            </param>
            <param index="1">
              <value>
                <![CDATA["Optional[Array]"]]>
              </value>
            </param>
          </params>
          <reporter-output>
          </reporter-output>
        </test-method> <!-- runScenario -->
        <test-method signature="runScenario(io.cucumber.testng.PickleWrapper,io.cucumber.testng.FeatureWrapper)[pri:0, instance:com.runner.Runner@7a8c8dcf]" started-at="2023-01-11T02:34:26 EST" name="runScenario" description="Runs Cucumber Scenarios" data-provider="scenarios" finished-at="2023-01-11T02:34:28 EST" duration-ms="2502" status="PASS">
          <params>
            <param index="0">
              <value>
                <![CDATA["User validate Even Number page"]]>
              </value>
            </param>
            <param index="1">
              <value>
                <![CDATA["Optional[Array]"]]>
              </value>
            </param>
          </params>
          <reporter-output>
          </reporter-output>
        </test-method> <!-- runScenario -->
        <test-method signature="runScenario(io.cucumber.testng.PickleWrapper,io.cucumber.testng.FeatureWrapper)[pri:0, instance:com.runner.Runner@7a8c8dcf]" started-at="2023-01-11T02:34:28 EST" name="runScenario" description="Runs Cucumber Scenarios" data-provider="scenarios" finished-at="2023-01-11T02:34:31 EST" duration-ms="2730" status="PASS">
          <params>
            <param index="0">
              <value>
                <![CDATA["User validate Sorted Array page"]]>
              </value>
            </param>
            <param index="1">
              <value>
                <![CDATA["Optional[Array]"]]>
              </value>
            </param>
          </params>
          <reporter-output>
          </reporter-output>
        </test-method> <!-- runScenario -->
        <test-method signature="runScenario(io.cucumber.testng.PickleWrapper,io.cucumber.testng.FeatureWrapper)[pri:0, instance:com.runner.Runner@7a8c8dcf]" started-at="2023-01-11T02:34:31 EST" name="runScenario" description="Runs Cucumber Scenarios" data-provider="scenarios" finished-at="2023-01-11T02:34:33 EST" duration-ms="2217" status="FAIL">
          <params>
            <param index="0">
              <value>
                <![CDATA["The user is able to submit code in tryEditor for Search the array link"]]>
              </value>
            </param>
            <param index="1">
              <value>
                <![CDATA["Optional[Array]"]]>
              </value>
            </param>
          </params>
          <exception class="java.lang.AssertionError">
            <message>
              <![CDATA[Result do not match expected [submission success] but found [ Some Tests failed. Please review code]]]>
            </message>
            <full-stacktrace>
              <![CDATA[java.lang.AssertionError: Result do not match expected [submission success] but found [ Some Tests failed. Please review code]
at org.testng.Assert.fail(Assert.java:110)
at org.testng.Assert.failNotEquals(Assert.java:1413)
at org.testng.Assert.assertEqualsImpl(Assert.java:149)
at org.testng.Assert.assertEquals(Assert.java:131)
at org.testng.Assert.assertEquals(Assert.java:655)
at com.stepDefinations.ArraysStepDef.the_user_should_be_presented_with_successful_submission_message(ArraysStepDef.java:133)
at ✽.The user should be presented with successful submission message(file:///C:/Users/valli/Git/DS-ALGO/src/test/resources/features/5arrays.feature:110)
]]>
            </full-stacktrace>
          </exception> <!-- java.lang.AssertionError -->
          <reporter-output>
          </reporter-output>
        </test-method> <!-- runScenario -->
        <test-method signature="runScenario(io.cucumber.testng.PickleWrapper,io.cucumber.testng.FeatureWrapper)[pri:0, instance:com.runner.Runner@7a8c8dcf]" started-at="2023-01-11T02:34:33 EST" name="runScenario" description="Runs Cucumber Scenarios" data-provider="scenarios" finished-at="2023-01-11T02:34:36 EST" duration-ms="2751" status="PASS">
          <params>
            <param index="0">
              <value>
                <![CDATA["User validate Max Consecutive Ones page"]]>
              </value>
            </param>
            <param index="1">
              <value>
                <![CDATA["Optional[Array]"]]>
              </value>
            </param>
          </params>
          <reporter-output>
          </reporter-output>
        </test-method> <!-- runScenario -->
        <test-method signature="runScenario(io.cucumber.testng.PickleWrapper,io.cucumber.testng.FeatureWrapper)[pri:0, instance:com.runner.Runner@7a8c8dcf]" started-at="2023-01-11T02:34:36 EST" name="runScenario" description="Runs Cucumber Scenarios" data-provider="scenarios" finished-at="2023-01-11T02:34:39 EST" duration-ms="2410" status="FAIL">
          <params>
            <param index="0">
              <value>
                <![CDATA["The user is able to submit code in tryEditor for Max Consecutive Ones"]]>
              </value>
            </param>
            <param index="1">
              <value>
                <![CDATA["Optional[Array]"]]>
              </value>
            </param>
          </params>
          <exception class="java.lang.AssertionError">
            <message>
              <![CDATA[Result do not match expected [submission success] but found [ Some Tests failed. Please review code]]]>
            </message>
            <full-stacktrace>
              <![CDATA[java.lang.AssertionError: Result do not match expected [submission success] but found [ Some Tests failed. Please review code]
at org.testng.Assert.fail(Assert.java:110)
at org.testng.Assert.failNotEquals(Assert.java:1413)
at org.testng.Assert.assertEqualsImpl(Assert.java:149)
at org.testng.Assert.assertEquals(Assert.java:131)
at org.testng.Assert.assertEquals(Assert.java:655)
at com.stepDefinations.ArraysStepDef.the_user_should_be_presented_with_successful_submission_message(ArraysStepDef.java:133)
at ✽.The user should be presented with successful submission message(file:///C:/Users/valli/Git/DS-ALGO/src/test/resources/features/5arrays.feature:130)
]]>
            </full-stacktrace>
          </exception> <!-- java.lang.AssertionError -->
          <reporter-output>
          </reporter-output>
        </test-method> <!-- runScenario -->
        <test-method signature="runScenario(io.cucumber.testng.PickleWrapper,io.cucumber.testng.FeatureWrapper)[pri:0, instance:com.runner.Runner@7a8c8dcf]" started-at="2023-01-11T02:34:39 EST" name="runScenario" description="Runs Cucumber Scenarios" data-provider="scenarios" finished-at="2023-01-11T02:34:41 EST" duration-ms="2420" status="PASS">
          <params>
            <param index="0">
              <value>
                <![CDATA["User validate Even Number page"]]>
              </value>
            </param>
            <param index="1">
              <value>
                <![CDATA["Optional[Array]"]]>
              </value>
            </param>
          </params>
          <reporter-output>
          </reporter-output>
        </test-method> <!-- runScenario -->
        <test-method signature="runScenario(io.cucumber.testng.PickleWrapper,io.cucumber.testng.FeatureWrapper)[pri:0, instance:com.runner.Runner@7a8c8dcf]" started-at="2023-01-11T02:34:41 EST" name="runScenario" description="Runs Cucumber Scenarios" data-provider="scenarios" finished-at="2023-01-11T02:34:44 EST" duration-ms="2619" status="FAIL">
          <params>
            <param index="0">
              <value>
                <![CDATA["The user is able to submit code in tryEditor for Find Numbers with Even Number of Digits"]]>
              </value>
            </param>
            <param index="1">
              <value>
                <![CDATA["Optional[Array]"]]>
              </value>
            </param>
          </params>
          <exception class="java.lang.AssertionError">
            <message>
              <![CDATA[Result do not match expected [submission success] but found [Error occurred during submission]]]>
            </message>
            <full-stacktrace>
              <![CDATA[java.lang.AssertionError: Result do not match expected [submission success] but found [Error occurred during submission]
at org.testng.Assert.fail(Assert.java:110)
at org.testng.Assert.failNotEquals(Assert.java:1413)
at org.testng.Assert.assertEqualsImpl(Assert.java:149)
at org.testng.Assert.assertEquals(Assert.java:131)
at org.testng.Assert.assertEquals(Assert.java:655)
at com.stepDefinations.ArraysStepDef.the_user_should_be_presented_with_successful_submission_message(ArraysStepDef.java:133)
at ✽.The user should be presented with successful submission message(file:///C:/Users/valli/Git/DS-ALGO/src/test/resources/features/5arrays.feature:150)
]]>
            </full-stacktrace>
          </exception> <!-- java.lang.AssertionError -->
          <reporter-output>
          </reporter-output>
        </test-method> <!-- runScenario -->
        <test-method signature="runScenario(io.cucumber.testng.PickleWrapper,io.cucumber.testng.FeatureWrapper)[pri:0, instance:com.runner.Runner@7a8c8dcf]" started-at="2023-01-11T02:34:44 EST" name="runScenario" description="Runs Cucumber Scenarios" data-provider="scenarios" finished-at="2023-01-11T02:34:46 EST" duration-ms="2598" status="PASS">
          <params>
            <param index="0">
              <value>
                <![CDATA["User validate Sorted Array page"]]>
              </value>
            </param>
            <param index="1">
              <value>
                <![CDATA["Optional[Array]"]]>
              </value>
            </param>
          </params>
          <reporter-output>
          </reporter-output>
        </test-method> <!-- runScenario -->
        <test-method signature="runScenario(io.cucumber.testng.PickleWrapper,io.cucumber.testng.FeatureWrapper)[pri:0, instance:com.runner.Runner@7a8c8dcf]" started-at="2023-01-11T02:34:46 EST" name="runScenario" description="Runs Cucumber Scenarios" data-provider="scenarios" finished-at="2023-01-11T02:34:48 EST" duration-ms="2198" status="FAIL">
          <params>
            <param index="0">
              <value>
                <![CDATA["The user is able to submit code in tryEditor for Squares of a Sorted Array"]]>
              </value>
            </param>
            <param index="1">
              <value>
                <![CDATA["Optional[Array]"]]>
              </value>
            </param>
          </params>
          <exception class="java.lang.AssertionError">
            <message>
              <![CDATA[Result do not match expected [submission success] but found [ No tests were collected]]]>
            </message>
            <full-stacktrace>
              <![CDATA[java.lang.AssertionError: Result do not match expected [submission success] but found [ No tests were collected]
at org.testng.Assert.fail(Assert.java:110)
at org.testng.Assert.failNotEquals(Assert.java:1413)
at org.testng.Assert.assertEqualsImpl(Assert.java:149)
at org.testng.Assert.assertEquals(Assert.java:131)
at org.testng.Assert.assertEquals(Assert.java:655)
at com.stepDefinations.ArraysStepDef.the_user_should_be_presented_with_successful_submission_message(ArraysStepDef.java:133)
at ✽.The user should be presented with successful submission message(file:///C:/Users/valli/Git/DS-ALGO/src/test/resources/features/5arrays.feature:170)
]]>
            </full-stacktrace>
          </exception> <!-- java.lang.AssertionError -->
          <reporter-output>
          </reporter-output>
        </test-method> <!-- runScenario -->
        <test-method signature="runScenario(io.cucumber.testng.PickleWrapper,io.cucumber.testng.FeatureWrapper)[pri:0, instance:com.runner.Runner@7a8c8dcf]" started-at="2023-01-11T02:34:48 EST" name="runScenario" description="Runs Cucumber Scenarios" data-provider="scenarios" finished-at="2023-01-11T02:34:49 EST" duration-ms="750" status="PASS">
          <params>
            <param index="0">
              <value>
                <![CDATA["The user is presented with error message for code with invalid syntax in tryEditor for Arrays in Python page"]]>
              </value>
            </param>
            <param index="1">
              <value>
                <![CDATA["Optional[Array]"]]>
              </value>
            </param>
          </params>
          <reporter-output>
          </reporter-output>
        </test-method> <!-- runScenario -->
        <test-method signature="runScenario(io.cucumber.testng.PickleWrapper,io.cucumber.testng.FeatureWrapper)[pri:0, instance:com.runner.Runner@7a8c8dcf]" started-at="2023-01-11T02:34:49 EST" name="runScenario" description="Runs Cucumber Scenarios" data-provider="scenarios" finished-at="2023-01-11T02:34:50 EST" duration-ms="615" status="PASS">
          <params>
            <param index="0">
              <value>
                <![CDATA["The user is presented with error message for code with invalid syntax in tryEditor for Search the array link"]]>
              </value>
            </param>
            <param index="1">
              <value>
                <![CDATA["Optional[Array]"]]>
              </value>
            </param>
          </params>
          <reporter-output>
          </reporter-output>
        </test-method> <!-- runScenario -->
        <test-method signature="runScenario(io.cucumber.testng.PickleWrapper,io.cucumber.testng.FeatureWrapper)[pri:0, instance:com.runner.Runner@7a8c8dcf]" started-at="2023-01-11T02:34:50 EST" name="runScenario" description="Runs Cucumber Scenarios" data-provider="scenarios" finished-at="2023-01-11T02:34:51 EST" duration-ms="722" status="PASS">
          <params>
            <param index="0">
              <value>
                <![CDATA["The user is presented with error message for invalid code in tryEditor for Max Consecutive Ones"]]>
              </value>
            </param>
            <param index="1">
              <value>
                <![CDATA["Optional[Array]"]]>
              </value>
            </param>
          </params>
          <reporter-output>
          </reporter-output>
        </test-method> <!-- runScenario -->
        <test-method signature="runScenario(io.cucumber.testng.PickleWrapper,io.cucumber.testng.FeatureWrapper)[pri:0, instance:com.runner.Runner@7a8c8dcf]" started-at="2023-01-11T02:34:51 EST" name="runScenario" description="Runs Cucumber Scenarios" data-provider="scenarios" finished-at="2023-01-11T02:34:51 EST" duration-ms="615" status="PASS">
          <params>
            <param index="0">
              <value>
                <![CDATA["The user is presented with error message for code with invalid syntax in tryEditor for Find Numbers with Even Number of Digits"]]>
              </value>
            </param>
            <param index="1">
              <value>
                <![CDATA["Optional[Array]"]]>
              </value>
            </param>
          </params>
          <reporter-output>
          </reporter-output>
        </test-method> <!-- runScenario -->
        <test-method signature="runScenario(io.cucumber.testng.PickleWrapper,io.cucumber.testng.FeatureWrapper)[pri:0, instance:com.runner.Runner@7a8c8dcf]" started-at="2023-01-11T02:34:51 EST" name="runScenario" description="Runs Cucumber Scenarios" data-provider="scenarios" finished-at="2023-01-11T02:34:52 EST" duration-ms="712" status="PASS">
          <params>
            <param index="0">
              <value>
                <![CDATA["The user is presented with error message for code with invalid syntax in tryEditor for Squares of a Sorted Array"]]>
              </value>
            </param>
            <param index="1">
              <value>
                <![CDATA["Optional[Array]"]]>
              </value>
            </param>
          </params>
          <reporter-output>
          </reporter-output>
        </test-method> <!-- runScenario -->
        <test-method signature="runScenario(io.cucumber.testng.PickleWrapper,io.cucumber.testng.FeatureWrapper)[pri:0, instance:com.runner.Runner@7a8c8dcf]" started-at="2023-01-11T02:34:52 EST" name="runScenario" description="Runs Cucumber Scenarios" data-provider="scenarios" finished-at="2023-01-11T02:34:56 EST" duration-ms="3848" status="PASS">
          <params>
            <param index="0">
              <value>
                <![CDATA["validating Linked List introduction page"]]>
              </value>
            </param>
            <param index="1">
              <value>
                <![CDATA["Optional[LinkedList]"]]>
              </value>
            </param>
          </params>
          <reporter-output>
          </reporter-output>
        </test-method> <!-- runScenario -->
        <test-method signature="runScenario(io.cucumber.testng.PickleWrapper,io.cucumber.testng.FeatureWrapper)[pri:0, instance:com.runner.Runner@7a8c8dcf]" started-at="2023-01-11T02:34:56 EST" name="runScenario" description="Runs Cucumber Scenarios" data-provider="scenarios" finished-at="2023-01-11T02:34:59 EST" duration-ms="3708" status="PASS">
          <params>
            <param index="0">
              <value>
                <![CDATA["User validate Creating Linked List page"]]>
              </value>
            </param>
            <param index="1">
              <value>
                <![CDATA["Optional[LinkedList]"]]>
              </value>
            </param>
          </params>
          <reporter-output>
          </reporter-output>
        </test-method> <!-- runScenario -->
        <test-method signature="runScenario(io.cucumber.testng.PickleWrapper,io.cucumber.testng.FeatureWrapper)[pri:0, instance:com.runner.Runner@7a8c8dcf]" started-at="2023-01-11T02:34:59 EST" name="runScenario" description="Runs Cucumber Scenarios" data-provider="scenarios" finished-at="2023-01-11T02:35:03 EST" duration-ms="3317" status="PASS">
          <params>
            <param index="0">
              <value>
                <![CDATA["User validate Types of Linked List page"]]>
              </value>
            </param>
            <param index="1">
              <value>
                <![CDATA["Optional[LinkedList]"]]>
              </value>
            </param>
          </params>
          <reporter-output>
          </reporter-output>
        </test-method> <!-- runScenario -->
        <test-method signature="runScenario(io.cucumber.testng.PickleWrapper,io.cucumber.testng.FeatureWrapper)[pri:0, instance:com.runner.Runner@7a8c8dcf]" started-at="2023-01-11T02:35:03 EST" name="runScenario" description="Runs Cucumber Scenarios" data-provider="scenarios" finished-at="2023-01-11T02:35:06 EST" duration-ms="3328" status="PASS">
          <params>
            <param index="0">
              <value>
                <![CDATA["User validate Implement Linked List in Python page"]]>
              </value>
            </param>
            <param index="1">
              <value>
                <![CDATA["Optional[LinkedList]"]]>
              </value>
            </param>
          </params>
          <reporter-output>
          </reporter-output>
        </test-method> <!-- runScenario -->
        <test-method signature="runScenario(io.cucumber.testng.PickleWrapper,io.cucumber.testng.FeatureWrapper)[pri:0, instance:com.runner.Runner@7a8c8dcf]" started-at="2023-01-11T02:35:06 EST" name="runScenario" description="Runs Cucumber Scenarios" data-provider="scenarios" finished-at="2023-01-11T02:35:09 EST" duration-ms="3203" status="PASS">
          <params>
            <param index="0">
              <value>
                <![CDATA["User validate Traversal page"]]>
              </value>
            </param>
            <param index="1">
              <value>
                <![CDATA["Optional[LinkedList]"]]>
              </value>
            </param>
          </params>
          <reporter-output>
          </reporter-output>
        </test-method> <!-- runScenario -->
        <test-method signature="runScenario(io.cucumber.testng.PickleWrapper,io.cucumber.testng.FeatureWrapper)[pri:0, instance:com.runner.Runner@7a8c8dcf]" started-at="2023-01-11T02:35:09 EST" name="runScenario" description="Runs Cucumber Scenarios" data-provider="scenarios" finished-at="2023-01-11T02:35:12 EST" duration-ms="3159" status="PASS">
          <params>
            <param index="0">
              <value>
                <![CDATA["User validate Insertion page"]]>
              </value>
            </param>
            <param index="1">
              <value>
                <![CDATA["Optional[LinkedList]"]]>
              </value>
            </param>
          </params>
          <reporter-output>
          </reporter-output>
        </test-method> <!-- runScenario -->
        <test-method signature="runScenario(io.cucumber.testng.PickleWrapper,io.cucumber.testng.FeatureWrapper)[pri:0, instance:com.runner.Runner@7a8c8dcf]" started-at="2023-01-11T02:35:12 EST" name="runScenario" description="Runs Cucumber Scenarios" data-provider="scenarios" finished-at="2023-01-11T02:35:16 EST" duration-ms="3365" status="PASS">
          <params>
            <param index="0">
              <value>
                <![CDATA["User validate Deletion page"]]>
              </value>
            </param>
            <param index="1">
              <value>
                <![CDATA["Optional[LinkedList]"]]>
              </value>
            </param>
          </params>
          <reporter-output>
          </reporter-output>
        </test-method> <!-- runScenario -->
        <test-method signature="runScenario(io.cucumber.testng.PickleWrapper,io.cucumber.testng.FeatureWrapper)[pri:0, instance:com.runner.Runner@7a8c8dcf]" started-at="2023-01-11T02:35:16 EST" name="runScenario" description="Runs Cucumber Scenarios" data-provider="scenarios" finished-at="2023-01-11T02:35:19 EST" duration-ms="3545" status="PASS">
          <params>
            <param index="0">
              <value>
                <![CDATA["validating Stack operationsInStack  page"]]>
              </value>
            </param>
            <param index="1">
              <value>
                <![CDATA["Optional[Stack]"]]>
              </value>
            </param>
          </params>
          <reporter-output>
          </reporter-output>
        </test-method> <!-- runScenario -->
        <test-method signature="runScenario(io.cucumber.testng.PickleWrapper,io.cucumber.testng.FeatureWrapper)[pri:0, instance:com.runner.Runner@7a8c8dcf]" started-at="2023-01-11T02:35:19 EST" name="runScenario" description="Runs Cucumber Scenarios" data-provider="scenarios" finished-at="2023-01-11T02:35:23 EST" duration-ms="3285" status="PASS">
          <params>
            <param index="0">
              <value>
                <![CDATA["User validate Implemention page"]]>
              </value>
            </param>
            <param index="1">
              <value>
                <![CDATA["Optional[Stack]"]]>
              </value>
            </param>
          </params>
          <reporter-output>
          </reporter-output>
        </test-method> <!-- runScenario -->
        <test-method signature="runScenario(io.cucumber.testng.PickleWrapper,io.cucumber.testng.FeatureWrapper)[pri:0, instance:com.runner.Runner@7a8c8dcf]" started-at="2023-01-11T02:35:23 EST" name="runScenario" description="Runs Cucumber Scenarios" data-provider="scenarios" finished-at="2023-01-11T02:35:26 EST" duration-ms="3348" status="PASS">
          <params>
            <param index="0">
              <value>
                <![CDATA["User validate Creating Applications page"]]>
              </value>
            </param>
            <param index="1">
              <value>
                <![CDATA["Optional[Stack]"]]>
              </value>
            </param>
          </params>
          <reporter-output>
          </reporter-output>
        </test-method> <!-- runScenario -->
        <test-method signature="runScenario(io.cucumber.testng.PickleWrapper,io.cucumber.testng.FeatureWrapper)[pri:0, instance:com.runner.Runner@7a8c8dcf]" started-at="2023-01-11T02:35:26 EST" name="runScenario" description="Runs Cucumber Scenarios" data-provider="scenarios" finished-at="2023-01-11T02:35:29 EST" duration-ms="3132" status="PASS">
          <params>
            <param index="0">
              <value>
                <![CDATA["The user is able to get the error message for invalid syntax for Operations in Stack page"]]>
              </value>
            </param>
            <param index="1">
              <value>
                <![CDATA["Optional[Stack]"]]>
              </value>
            </param>
          </params>
          <reporter-output>
          </reporter-output>
        </test-method> <!-- runScenario -->
        <test-method signature="runScenario(io.cucumber.testng.PickleWrapper,io.cucumber.testng.FeatureWrapper)[pri:0, instance:com.runner.Runner@7a8c8dcf]" started-at="2023-01-11T02:35:29 EST" name="runScenario" description="Runs Cucumber Scenarios" data-provider="scenarios" finished-at="2023-01-11T02:35:32 EST" duration-ms="3293" status="PASS">
          <params>
            <param index="0">
              <value>
                <![CDATA["The user is able to get the error message for invalid syntax for implementation page"]]>
              </value>
            </param>
            <param index="1">
              <value>
                <![CDATA["Optional[Stack]"]]>
              </value>
            </param>
          </params>
          <reporter-output>
          </reporter-output>
        </test-method> <!-- runScenario -->
        <test-method signature="runScenario(io.cucumber.testng.PickleWrapper,io.cucumber.testng.FeatureWrapper)[pri:0, instance:com.runner.Runner@7a8c8dcf]" started-at="2023-01-11T02:35:32 EST" name="runScenario" description="Runs Cucumber Scenarios" data-provider="scenarios" finished-at="2023-01-11T02:35:36 EST" duration-ms="3549" status="PASS">
          <params>
            <param index="0">
              <value>
                <![CDATA["Validate overview of trees link"]]>
              </value>
            </param>
            <param index="1">
              <value>
                <![CDATA["Optional[Tree]"]]>
              </value>
            </param>
          </params>
          <reporter-output>
          </reporter-output>
        </test-method> <!-- runScenario -->
        <test-method signature="runScenario(io.cucumber.testng.PickleWrapper,io.cucumber.testng.FeatureWrapper)[pri:0, instance:com.runner.Runner@7a8c8dcf]" started-at="2023-01-11T02:35:36 EST" name="runScenario" description="Runs Cucumber Scenarios" data-provider="scenarios" finished-at="2023-01-11T02:35:39 EST" duration-ms="3303" status="PASS">
          <params>
            <param index="0">
              <value>
                <![CDATA["Validate Terminologies link"]]>
              </value>
            </param>
            <param index="1">
              <value>
                <![CDATA["Optional[Tree]"]]>
              </value>
            </param>
          </params>
          <reporter-output>
          </reporter-output>
        </test-method> <!-- runScenario -->
        <test-method signature="runScenario(io.cucumber.testng.PickleWrapper,io.cucumber.testng.FeatureWrapper)[pri:0, instance:com.runner.Runner@7a8c8dcf]" started-at="2023-01-11T02:35:39 EST" name="runScenario" description="Runs Cucumber Scenarios" data-provider="scenarios" finished-at="2023-01-11T02:35:43 EST" duration-ms="3277" status="PASS">
          <params>
            <param index="0">
              <value>
                <![CDATA["Validate Types of Trees link"]]>
              </value>
            </param>
            <param index="1">
              <value>
                <![CDATA["Optional[Tree]"]]>
              </value>
            </param>
          </params>
          <reporter-output>
          </reporter-output>
        </test-method> <!-- runScenario -->
        <test-method signature="runScenario(io.cucumber.testng.PickleWrapper,io.cucumber.testng.FeatureWrapper)[pri:0, instance:com.runner.Runner@7a8c8dcf]" started-at="2023-01-11T02:35:43 EST" name="runScenario" description="Runs Cucumber Scenarios" data-provider="scenarios" finished-at="2023-01-11T02:35:46 EST" duration-ms="3233" status="PASS">
          <params>
            <param index="0">
              <value>
                <![CDATA["Validate Tree Traversals link"]]>
              </value>
            </param>
            <param index="1">
              <value>
                <![CDATA["Optional[Tree]"]]>
              </value>
            </param>
          </params>
          <reporter-output>
          </reporter-output>
        </test-method> <!-- runScenario -->
        <test-method signature="runScenario(io.cucumber.testng.PickleWrapper,io.cucumber.testng.FeatureWrapper)[pri:0, instance:com.runner.Runner@7a8c8dcf]" started-at="2023-01-11T02:35:46 EST" name="runScenario" description="Runs Cucumber Scenarios" data-provider="scenarios" finished-at="2023-01-11T02:35:49 EST" duration-ms="3255" status="PASS">
          <params>
            <param index="0">
              <value>
                <![CDATA["Validate Traversals-Illustration link"]]>
              </value>
            </param>
            <param index="1">
              <value>
                <![CDATA["Optional[Tree]"]]>
              </value>
            </param>
          </params>
          <reporter-output>
          </reporter-output>
        </test-method> <!-- runScenario -->
        <test-method signature="runScenario(io.cucumber.testng.PickleWrapper,io.cucumber.testng.FeatureWrapper)[pri:0, instance:com.runner.Runner@7a8c8dcf]" started-at="2023-01-11T02:35:49 EST" name="runScenario" description="Runs Cucumber Scenarios" data-provider="scenarios" finished-at="2023-01-11T02:35:52 EST" duration-ms="3236" status="PASS">
          <params>
            <param index="0">
              <value>
                <![CDATA["Validate Binary Trees link"]]>
              </value>
            </param>
            <param index="1">
              <value>
                <![CDATA["Optional[Tree]"]]>
              </value>
            </param>
          </params>
          <reporter-output>
          </reporter-output>
        </test-method> <!-- runScenario -->
        <test-method signature="runScenario(io.cucumber.testng.PickleWrapper,io.cucumber.testng.FeatureWrapper)[pri:0, instance:com.runner.Runner@7a8c8dcf]" started-at="2023-01-11T02:35:52 EST" name="runScenario" description="Runs Cucumber Scenarios" data-provider="scenarios" finished-at="2023-01-11T02:35:56 EST" duration-ms="3437" status="PASS">
          <params>
            <param index="0">
              <value>
                <![CDATA["Validate Types of Binary Trees link"]]>
              </value>
            </param>
            <param index="1">
              <value>
                <![CDATA["Optional[Tree]"]]>
              </value>
            </param>
          </params>
          <reporter-output>
          </reporter-output>
        </test-method> <!-- runScenario -->
        <test-method signature="runScenario(io.cucumber.testng.PickleWrapper,io.cucumber.testng.FeatureWrapper)[pri:0, instance:com.runner.Runner@7a8c8dcf]" started-at="2023-01-11T02:35:56 EST" name="runScenario" description="Runs Cucumber Scenarios" data-provider="scenarios" finished-at="2023-01-11T02:35:59 EST" duration-ms="3287" status="PASS">
          <params>
            <param index="0">
              <value>
                <![CDATA["Validate Implementation in Python link"]]>
              </value>
            </param>
            <param index="1">
              <value>
                <![CDATA["Optional[Tree]"]]>
              </value>
            </param>
          </params>
          <reporter-output>
          </reporter-output>
        </test-method> <!-- runScenario -->
        <test-method signature="runScenario(io.cucumber.testng.PickleWrapper,io.cucumber.testng.FeatureWrapper)[pri:0, instance:com.runner.Runner@7a8c8dcf]" started-at="2023-01-11T02:35:59 EST" name="runScenario" description="Runs Cucumber Scenarios" data-provider="scenarios" finished-at="2023-01-11T02:36:02 EST" duration-ms="3288" status="PASS">
          <params>
            <param index="0">
              <value>
                <![CDATA["Validate Binary Tree Traversals link"]]>
              </value>
            </param>
            <param index="1">
              <value>
                <![CDATA["Optional[Tree]"]]>
              </value>
            </param>
          </params>
          <reporter-output>
          </reporter-output>
        </test-method> <!-- runScenario -->
        <test-method signature="runScenario(io.cucumber.testng.PickleWrapper,io.cucumber.testng.FeatureWrapper)[pri:0, instance:com.runner.Runner@7a8c8dcf]" started-at="2023-01-11T02:36:02 EST" name="runScenario" description="Runs Cucumber Scenarios" data-provider="scenarios" finished-at="2023-01-11T02:36:06 EST" duration-ms="3359" status="PASS">
          <params>
            <param index="0">
              <value>
                <![CDATA["Validate Implementation of Binary Trees link"]]>
              </value>
            </param>
            <param index="1">
              <value>
                <![CDATA["Optional[Tree]"]]>
              </value>
            </param>
          </params>
          <reporter-output>
          </reporter-output>
        </test-method> <!-- runScenario -->
        <test-method signature="runScenario(io.cucumber.testng.PickleWrapper,io.cucumber.testng.FeatureWrapper)[pri:0, instance:com.runner.Runner@7a8c8dcf]" started-at="2023-01-11T02:36:06 EST" name="runScenario" description="Runs Cucumber Scenarios" data-provider="scenarios" finished-at="2023-01-11T02:36:09 EST" duration-ms="3286" status="PASS">
          <params>
            <param index="0">
              <value>
                <![CDATA["Validate Applications of Binary trees link"]]>
              </value>
            </param>
            <param index="1">
              <value>
                <![CDATA["Optional[Tree]"]]>
              </value>
            </param>
          </params>
          <reporter-output>
          </reporter-output>
        </test-method> <!-- runScenario -->
        <test-method signature="runScenario(io.cucumber.testng.PickleWrapper,io.cucumber.testng.FeatureWrapper)[pri:0, instance:com.runner.Runner@7a8c8dcf]" started-at="2023-01-11T02:36:09 EST" name="runScenario" description="Runs Cucumber Scenarios" data-provider="scenarios" finished-at="2023-01-11T02:36:12 EST" duration-ms="3335" status="PASS">
          <params>
            <param index="0">
              <value>
                <![CDATA["Validate Binary Search Trees link"]]>
              </value>
            </param>
            <param index="1">
              <value>
                <![CDATA["Optional[Tree]"]]>
              </value>
            </param>
          </params>
          <reporter-output>
          </reporter-output>
        </test-method> <!-- runScenario -->
        <test-method signature="runScenario(io.cucumber.testng.PickleWrapper,io.cucumber.testng.FeatureWrapper)[pri:0, instance:com.runner.Runner@7a8c8dcf]" started-at="2023-01-11T02:36:12 EST" name="runScenario" description="Runs Cucumber Scenarios" data-provider="scenarios" finished-at="2023-01-11T02:36:16 EST" duration-ms="3385" status="PASS">
          <params>
            <param index="0">
              <value>
                <![CDATA["Validate Implementation Of BST link"]]>
              </value>
            </param>
            <param index="1">
              <value>
                <![CDATA["Optional[Tree]"]]>
              </value>
            </param>
          </params>
          <reporter-output>
          </reporter-output>
        </test-method> <!-- runScenario -->
        <test-method signature="runScenario(io.cucumber.testng.PickleWrapper,io.cucumber.testng.FeatureWrapper)[pri:0, instance:com.runner.Runner@7a8c8dcf]" started-at="2023-01-11T02:36:16 EST" name="runScenario" description="Runs Cucumber Scenarios" data-provider="scenarios" finished-at="2023-01-11T02:36:19 EST" duration-ms="3365" status="PASS">
          <params>
            <param index="0">
              <value>
                <![CDATA["User validate Get Started On Graph page"]]>
              </value>
            </param>
            <param index="1">
              <value>
                <![CDATA["Optional[Graph]"]]>
              </value>
            </param>
          </params>
          <reporter-output>
          </reporter-output>
        </test-method> <!-- runScenario -->
        <test-method signature="runScenario(io.cucumber.testng.PickleWrapper,io.cucumber.testng.FeatureWrapper)[pri:0, instance:com.runner.Runner@7a8c8dcf]" started-at="2023-01-11T02:36:19 EST" name="runScenario" description="Runs Cucumber Scenarios" data-provider="scenarios" finished-at="2023-01-11T02:36:22 EST" duration-ms="3214" status="PASS">
          <params>
            <param index="0">
              <value>
                <![CDATA["User validate Graph Representations page"]]>
              </value>
            </param>
            <param index="1">
              <value>
                <![CDATA["Optional[Graph]"]]>
              </value>
            </param>
          </params>
          <reporter-output>
          </reporter-output>
        </test-method> <!-- runScenario -->
        <test-method signature="runScenario(io.cucumber.testng.PickleWrapper,io.cucumber.testng.FeatureWrapper)[pri:0, instance:com.runner.Runner@7a8c8dcf]" started-at="2023-01-11T02:36:22 EST" name="runScenario" description="Runs Cucumber Scenarios" data-provider="scenarios" finished-at="2023-01-11T02:36:23 EST" duration-ms="389" status="PASS">
          <params>
            <param index="0">
              <value>
                <![CDATA["The user is able to navigate to Graph Data Structure Page"]]>
              </value>
            </param>
            <param index="1">
              <value>
                <![CDATA["Optional[Graph]"]]>
              </value>
            </param>
          </params>
          <reporter-output>
          </reporter-output>
        </test-method> <!-- runScenario -->
        <test-method signature="runScenario(io.cucumber.testng.PickleWrapper,io.cucumber.testng.FeatureWrapper)[pri:0, instance:com.runner.Runner@7a8c8dcf]" started-at="2023-01-11T02:36:23 EST" name="runScenario" description="Runs Cucumber Scenarios" data-provider="scenarios" finished-at="2023-01-11T02:36:25 EST" duration-ms="1960" status="PASS">
          <params>
            <param index="0">
              <value>
                <![CDATA["The user is presented with error message for invalid code in Editor for Graph page"]]>
              </value>
            </param>
            <param index="1">
              <value>
                <![CDATA["Optional[Graph]"]]>
              </value>
            </param>
          </params>
          <reporter-output>
          </reporter-output>
        </test-method> <!-- runScenario -->
        <test-method signature="runScenario(io.cucumber.testng.PickleWrapper,io.cucumber.testng.FeatureWrapper)[pri:0, instance:com.runner.Runner@7a8c8dcf]" started-at="2023-01-11T02:36:25 EST" name="runScenario" description="Runs Cucumber Scenarios" data-provider="scenarios" finished-at="2023-01-11T02:36:25 EST" duration-ms="488" status="PASS">
          <params>
            <param index="0">
              <value>
                <![CDATA["The user is able to navigate to graph representations page and click on Practice Questions"]]>
              </value>
            </param>
            <param index="1">
              <value>
                <![CDATA["Optional[Graph]"]]>
              </value>
            </param>
          </params>
          <reporter-output>
          </reporter-output>
        </test-method> <!-- runScenario -->
        <test-method is-config="true" signature="tearDownClass()[pri:0, instance:com.runner.Runner@7a8c8dcf]" started-at="2023-01-11T02:36:25 EST" name="tearDownClass" finished-at="2023-01-11T02:36:42 EST" duration-ms="16448" status="PASS">
          <reporter-output>
          </reporter-output>
        </test-method> <!-- tearDownClass -->
      </class> <!-- com.runner.Runner -->
    </test> <!-- Default test -->
  </suite> <!-- Default suite -->
</testng-results>
